<?xml version="1.0" encoding="UTF-8"?>
<testsuite name="jenkinsTest.AppTest" tests="1" skipped="0" failures="0" errors="0" timestamp="2023-03-23T09:12:35" hostname="sumitVM" time="0.003">
  <properties/>
  <testcase name="appHasAGreeting" classname="jenkinsTest.AppTest" time="0.003"/>
  <system-out><![CDATA[]]></system-out>
  <system-err><![CDATA[]]></system-err>
</testsuite>
